<?xml version="1.0" encoding="UTF-8"?>
<testng-results skipped="0" failed="1" total="4" passed="3">
  <reporter-output>
    <line>
      <![CDATA[weather Details has been succesfully verified with temperature=35℃]]>
    </line>
    <line>
      <![CDATA[weather api has been successfully responded with=200]]>
    </line>
    <line>
      <![CDATA[weather api has been successfully responded with=Kanpur]]>
    </line>
    <line>
      <![CDATA[both value from UI value is Kanpur and API value is Kanpur has been matched succesfully]]>
    </line>
  </reporter-output>
  <suite name="Suite" duration-ms="56973" started-at="2020-07-21T11:27:25Z" finished-at="2020-07-21T11:28:22Z">
    <groups>
    </groups>
    <test name="Test" duration-ms="56973" started-at="2020-07-21T11:27:25Z" finished-at="2020-07-21T11:28:22Z">
      <class name="Selenium.maven.Selenium.maven.demo.WeatherTest">
        <test-method status="PASS" signature="openBrowser()[pri:0, instance:Selenium.maven.Selenium.maven.demo.WeatherTest@48140564]" name="openBrowser" is-config="true" duration-ms="37041" started-at="2020-07-21T16:57:25Z" finished-at="2020-07-21T16:58:02Z">
          <reporter-output>
          </reporter-output>
        </test-method> <!-- openBrowser -->
        <test-method status="PASS" signature="openHomePageNDTV()[pri:0, instance:Selenium.maven.Selenium.maven.demo.WeatherTest@48140564]" name="openHomePageNDTV" duration-ms="7581" started-at="2020-07-21T16:58:02Z" finished-at="2020-07-21T16:58:10Z">
          <reporter-output>
          </reporter-output>
        </test-method> <!-- openHomePageNDTV -->
        <test-method status="PASS" signature="verifyWeatherSection()[pri:0, instance:Selenium.maven.Selenium.maven.demo.WeatherTest@48140564]" name="verifyWeatherSection" duration-ms="2038" started-at="2020-07-21T16:58:10Z" finished-at="2020-07-21T16:58:12Z">
          <reporter-output>
            <line>
              <![CDATA[weather Details has been succesfully verified with temperature=35℃]]>
            </line>
          </reporter-output>
        </test-method> <!-- verifyWeatherSection -->
        <test-method status="PASS" signature="verifyWeatherSectionAPI()[pri:0, instance:Selenium.maven.Selenium.maven.demo.WeatherTest@48140564]" name="verifyWeatherSectionAPI" duration-ms="7261" started-at="2020-07-21T16:58:12Z" finished-at="2020-07-21T16:58:19Z">
          <reporter-output>
            <line>
              <![CDATA[weather api has been successfully responded with=200]]>
            </line>
            <line>
              <![CDATA[weather api has been successfully responded with=Kanpur]]>
            </line>
          </reporter-output>
        </test-method> <!-- verifyWeatherSectionAPI -->
        <test-method status="FAIL" signature="verifyBothUIandAPISection()[pri:0, instance:Selenium.maven.Selenium.maven.demo.WeatherTest@48140564]" name="verifyBothUIandAPISection" duration-ms="174" started-at="2020-07-21T16:58:19Z" finished-at="2020-07-21T16:58:19Z">
          <exception class="java.lang.AssertionError">
            <message>
              <![CDATA[expected [32] but found [Temp in Degrees: 35]]]>
            </message>
            <full-stacktrace>
              <![CDATA[java.lang.AssertionError: expected [32] but found [Temp in Degrees: 35]
	at org.testng.Assert.fail(Assert.java:94)
	at org.testng.Assert.failNotEquals(Assert.java:494)
	at org.testng.Assert.assertEquals(Assert.java:123)
	at org.testng.Assert.assertEquals(Assert.java:176)
	at org.testng.Assert.assertEquals(Assert.java:186)
	at Selenium.maven.Screens.WeatherPage.verifyUIAndApiDatsa(WeatherPage.java:98)
	at Selenium.maven.Selenium.maven.demo.WeatherTest.verifyBothUIandAPISection(WeatherTest.java:89)
	at sun.reflect.NativeMethodAccessorImpl.invoke0(Native Method)
	at sun.reflect.NativeMethodAccessorImpl.invoke(Unknown Source)
	at sun.reflect.DelegatingMethodAccessorImpl.invoke(Unknown Source)
	at java.lang.reflect.Method.invoke(Unknown Source)
	at org.testng.internal.MethodInvocationHelper.invokeMethod(MethodInvocationHelper.java:80)
	at org.testng.internal.Invoker.invokeMethod(Invoker.java:714)
	at org.testng.internal.Invoker.invokeTestMethod(Invoker.java:901)
	at org.testng.internal.Invoker.invokeTestMethods(Invoker.java:1231)
	at org.testng.internal.TestMethodWorker.invokeTestMethods(TestMethodWorker.java:127)
	at org.testng.internal.TestMethodWorker.run(TestMethodWorker.java:111)
	at org.testng.TestRunner.privateRun(TestRunner.java:767)
	at org.testng.TestRunner.run(TestRunner.java:617)
	at org.testng.SuiteRunner.runTest(SuiteRunner.java:334)
	at org.testng.SuiteRunner.runSequentially(SuiteRunner.java:329)
	at org.testng.SuiteRunner.privateRun(SuiteRunner.java:291)
	at org.testng.SuiteRunner.run(SuiteRunner.java:240)
	at org.testng.SuiteRunnerWorker.runSuite(SuiteRunnerWorker.java:52)
	at org.testng.SuiteRunnerWorker.run(SuiteRunnerWorker.java:86)
	at org.testng.TestNG.runSuitesSequentially(TestNG.java:1198)
	at org.testng.TestNG.runSuitesLocally(TestNG.java:1123)
	at org.testng.TestNG.run(TestNG.java:1031)
	at org.apache.maven.surefire.testng.TestNGExecutor.run(TestNGExecutor.java:295)
	at org.apache.maven.surefire.testng.TestNGXmlTestSuite.execute(TestNGXmlTestSuite.java:84)
	at org.apache.maven.surefire.testng.TestNGProvider.invoke(TestNGProvider.java:90)
	at org.apache.maven.surefire.booter.ForkedBooter.invokeProviderInSameClassLoader(ForkedBooter.java:203)
	at org.apache.maven.surefire.booter.ForkedBooter.runSuitesInProcess(ForkedBooter.java:155)
	at org.apache.maven.surefire.booter.ForkedBooter.main(ForkedBooter.java:103)
]]>
            </full-stacktrace>
          </exception> <!-- java.lang.AssertionError -->
          <reporter-output>
            <line>
              <![CDATA[both value from UI value is Kanpur and API value is Kanpur has been matched succesfully]]>
            </line>
          </reporter-output>
        </test-method> <!-- verifyBothUIandAPISection -->
        <test-method status="PASS" signature="afterClass()[pri:0, instance:Selenium.maven.Selenium.maven.demo.WeatherTest@48140564]" name="afterClass" is-config="true" duration-ms="2685" started-at="2020-07-21T16:58:19Z" finished-at="2020-07-21T16:58:22Z">
          <reporter-output>
          </reporter-output>
        </test-method> <!-- afterClass -->
      </class> <!-- Selenium.maven.Selenium.maven.demo.WeatherTest -->
    </test> <!-- Test -->
  </suite> <!-- Suite -->
</testng-results>
